2022-10-31 14:18:15,029 - [31m[1mWARNING: This is a development server. Do not use it in a production deployment. Use a production WSGI server instead.[0m
 * Running on http://127.0.0.1:5000
2022-10-31 14:18:15,031 - [33mPress CTRL+C to quit[0m
2022-10-31 14:18:15,037 -  * Restarting with stat
2022-10-31 14:18:16,918 -  * Debugger is active!
2022-10-31 14:18:16,931 -  * Debugger PIN: 999-206-577
2022-10-31 14:22:36,906 - 127.0.0.1 - - [31/Oct/2022 14:22:36] "GET /api/v1.0/stats/ HTTP/1.1" 200 -
2022-10-31 14:24:34,097 - 127.0.0.1 - - [31/Oct/2022 14:24:34] "OPTIONS /api/v1.0/model/ HTTP/1.1" 200 -
2022-10-31 14:24:34,120 -    kitchen  ...  amenities_number
0        0  ...                 0

[1 rows x 28 columns]
2022-10-31 14:24:34,218 - <class 'pandas.core.series.Series'>
2022-10-31 14:24:34,285 -    host_about  ... amenities_number
0           1  ...                0

[1 rows x 53 columns]
2022-10-31 14:24:34,381 - Could not predict price No module named 'sklearn'
2022-10-31 14:24:34,382 - 127.0.0.1 - - [31/Oct/2022 14:24:34] "[33mPOST /api/v1.0/model/ HTTP/1.1[0m" 404 -
2022-10-31 14:30:37,476 - [31m[1mWARNING: This is a development server. Do not use it in a production deployment. Use a production WSGI server instead.[0m
 * Running on http://127.0.0.1:5000
2022-10-31 14:30:37,476 - [33mPress CTRL+C to quit[0m
2022-10-31 14:30:37,479 -  * Restarting with stat
2022-10-31 14:30:39,099 -  * Debugger is active!
2022-10-31 14:30:39,108 -  * Debugger PIN: 999-206-577
2022-10-31 14:30:54,091 - 127.0.0.1 - - [31/Oct/2022 14:30:54] "OPTIONS /api/v1.0/model/ HTTP/1.1" 200 -
2022-10-31 14:30:54,101 -    kitchen  ...  amenities_number
0        0  ...                 0

[1 rows x 28 columns]
2022-10-31 14:30:54,172 - <class 'pandas.core.series.Series'>
2022-10-31 14:30:54,235 -    host_about  ... amenities_number
0           1  ...                0

[1 rows x 53 columns]
2022-10-31 14:30:54,334 - Could not predict price No module named 'sklearn'
2022-10-31 14:30:54,336 - 127.0.0.1 - - [31/Oct/2022 14:30:54] "[33mPOST /api/v1.0/model/ HTTP/1.1[0m" 404 -
2022-10-31 14:34:08,734 - [31m[1mWARNING: This is a development server. Do not use it in a production deployment. Use a production WSGI server instead.[0m
 * Running on http://127.0.0.1:5000
2022-10-31 14:34:08,736 - [33mPress CTRL+C to quit[0m
2022-10-31 14:34:08,740 -  * Restarting with stat
2022-10-31 14:34:10,901 -  * Debugger is active!
2022-10-31 14:34:10,909 -  * Debugger PIN: 999-206-577
2022-10-31 14:34:17,476 - 127.0.0.1 - - [31/Oct/2022 14:34:17] "OPTIONS /api/v1.0/model/ HTTP/1.1" 200 -
2022-10-31 14:34:17,488 -    kitchen  air_conditioning  ...  event_suitable  amenities_number
0        0                 0  ...               0                 0

[1 rows x 28 columns]
2022-10-31 14:34:17,565 - <class 'pandas.core.series.Series'>
2022-10-31 14:34:17,629 -    host_about host_response_time  ... event_suitable  amenities_number
0           1     within an hour  ...              0                 0

[1 rows x 53 columns]
2022-10-31 14:34:18,414 - Could not predict price 'OneHotEncoder' object has no attribute '_infrequent_enabled'
2022-10-31 14:34:18,418 - 127.0.0.1 - - [31/Oct/2022 14:34:18] "[33mPOST /api/v1.0/model/ HTTP/1.1[0m" 404 -
2022-10-31 14:34:29,259 - 127.0.0.1 - - [31/Oct/2022 14:34:29] "OPTIONS /api/v1.0/model/ HTTP/1.1" 200 -
2022-10-31 14:34:29,268 -    kitchen  air_conditioning  ...  event_suitable  amenities_number
0        0                 0  ...               0                 0

[1 rows x 28 columns]
2022-10-31 14:34:29,341 - <class 'pandas.core.series.Series'>
2022-10-31 14:34:29,393 -    host_about host_response_time  ... event_suitable  amenities_number
0           1     within an hour  ...              0                 0

[1 rows x 53 columns]
2022-10-31 14:34:29,534 - Could not predict price 'OneHotEncoder' object has no attribute '_infrequent_enabled'
2022-10-31 14:34:29,537 - 127.0.0.1 - - [31/Oct/2022 14:34:29] "[33mPOST /api/v1.0/model/ HTTP/1.1[0m" 404 -
2022-10-31 14:34:58,096 - 127.0.0.1 - - [31/Oct/2022 14:34:58] "OPTIONS /api/v1.0/model/ HTTP/1.1" 200 -
2022-10-31 14:34:58,106 -    kitchen  air_conditioning  ...  event_suitable  amenities_number
0        0                 0  ...               0                 0

[1 rows x 28 columns]
2022-10-31 14:34:58,178 - <class 'pandas.core.series.Series'>
2022-10-31 14:34:58,228 -    host_about host_response_time  ... event_suitable  amenities_number
0           1     within an hour  ...              0                 0

[1 rows x 53 columns]
2022-10-31 14:34:58,399 - Could not predict price 'OneHotEncoder' object has no attribute '_infrequent_enabled'
2022-10-31 14:34:58,406 - 127.0.0.1 - - [31/Oct/2022 14:34:58] "[33mPOST /api/v1.0/model/ HTTP/1.1[0m" 404 -
2022-10-31 14:38:44,365 - 127.0.0.1 - - [31/Oct/2022 14:38:44] "OPTIONS /api/v1.0/model/ HTTP/1.1" 200 -
2022-10-31 14:38:44,374 -    kitchen  ...  amenities_number
0        0  ...                 0

[1 rows x 28 columns]
2022-10-31 14:38:44,438 - Could not preprocess data, exception: invalid literal for int() with base 10: ''
2022-10-31 14:38:44,470 - Could not predict price Expected 2D array, got scalar array instead:
array=None.
Reshape your data either using array.reshape(-1, 1) if your data has a single feature or array.reshape(1, -1) if it contains a single sample.
2022-10-31 14:38:44,473 - 127.0.0.1 - - [31/Oct/2022 14:38:44] "[33mPOST /api/v1.0/model/ HTTP/1.1[0m" 404 -
2022-10-31 15:21:18,556 - [31m[1mWARNING: This is a development server. Do not use it in a production deployment. Use a production WSGI server instead.[0m
 * Running on http://127.0.0.1:5000
2022-10-31 15:21:18,557 - [33mPress CTRL+C to quit[0m
2022-10-31 15:21:18,560 -  * Restarting with stat
2022-10-31 15:21:20,427 -  * Debugger is active!
2022-10-31 15:21:20,436 -  * Debugger PIN: 999-206-577
2022-10-31 15:23:53,086 - 127.0.0.1 - - [31/Oct/2022 15:23:53] "OPTIONS /api/v1.0/model/ HTTP/1.1" 200 -
2022-10-31 15:23:53,111 -    kitchen  air_conditioning  ...  event_suitable  amenities_number
0        0                 0  ...               0                 0

[1 rows x 28 columns]
2022-10-31 15:23:53,222 - Could not preprocess data, exception: invalid literal for int() with base 10: ''
2022-10-31 15:23:53,270 - Could not predict price Expected 2D array, got scalar array instead:
array=None.
Reshape your data either using array.reshape(-1, 1) if your data has a single feature or array.reshape(1, -1) if it contains a single sample.
2022-10-31 15:23:53,274 - 127.0.0.1 - - [31/Oct/2022 15:23:53] "[33mPOST /api/v1.0/model/ HTTP/1.1[0m" 404 -
2022-10-31 15:24:05,464 - 127.0.0.1 - - [31/Oct/2022 15:24:05] "OPTIONS /api/v1.0/model/ HTTP/1.1" 200 -
2022-10-31 15:24:05,474 -    kitchen  air_conditioning  ...  event_suitable  amenities_number
0        0                 0  ...               0                 0

[1 rows x 28 columns]
2022-10-31 15:24:05,547 - Could not preprocess data, exception: invalid literal for int() with base 10: ''
2022-10-31 15:24:05,574 - Could not predict price Expected 2D array, got scalar array instead:
array=None.
Reshape your data either using array.reshape(-1, 1) if your data has a single feature or array.reshape(1, -1) if it contains a single sample.
2022-10-31 15:24:05,577 - 127.0.0.1 - - [31/Oct/2022 15:24:05] "[33mPOST /api/v1.0/model/ HTTP/1.1[0m" 404 -
2022-10-31 15:26:23,413 - 127.0.0.1 - - [31/Oct/2022 15:26:23] "OPTIONS /api/v1.0/model/ HTTP/1.1" 200 -
2022-10-31 15:26:23,426 -    kitchen  air_conditioning  ...  event_suitable  amenities_number
0        0                 0  ...               0                 0

[1 rows x 28 columns]
2022-10-31 15:26:23,513 - Could not preprocess data, exception: invalid literal for int() with base 10: ''
2022-10-31 15:26:23,542 - Could not predict price Expected 2D array, got scalar array instead:
array=None.
Reshape your data either using array.reshape(-1, 1) if your data has a single feature or array.reshape(1, -1) if it contains a single sample.
2022-10-31 15:26:23,546 - 127.0.0.1 - - [31/Oct/2022 15:26:23] "[33mPOST /api/v1.0/model/ HTTP/1.1[0m" 404 -
2022-10-31 15:27:39,873 - [31m[1mWARNING: This is a development server. Do not use it in a production deployment. Use a production WSGI server instead.[0m
 * Running on http://127.0.0.1:5000
2022-10-31 15:27:39,874 - [33mPress CTRL+C to quit[0m
2022-10-31 15:27:39,876 -  * Restarting with stat
2022-10-31 15:27:42,351 -  * Debugger is active!
2022-10-31 15:27:42,362 -  * Debugger PIN: 999-206-577
2022-10-31 15:28:12,655 - 127.0.0.1 - - [31/Oct/2022 15:28:12] "GET /api/v1.0/stats/ HTTP/1.1" 200 -
2022-10-31 15:28:21,694 - 127.0.0.1 - - [31/Oct/2022 15:28:21] "OPTIONS /api/v1.0/model/ HTTP/1.1" 200 -
2022-10-31 15:28:21,707 -    kitchen  air_conditioning  ...  event_suitable  amenities_number
0        0                 0  ...               0                 0

[1 rows x 28 columns]
2022-10-31 15:28:21,797 - Could not preprocess data, exception: invalid literal for int() with base 10: ''
2022-10-31 15:28:21,823 - Could not predict price Expected 2D array, got scalar array instead:
array=None.
Reshape your data either using array.reshape(-1, 1) if your data has a single feature or array.reshape(1, -1) if it contains a single sample.
2022-10-31 15:28:21,827 - 127.0.0.1 - - [31/Oct/2022 15:28:21] "[33mPOST /api/v1.0/model/ HTTP/1.1[0m" 404 -
2022-10-31 15:28:23,098 -    kitchen  air_conditioning  ...  event_suitable  amenities_number
0        0                 0  ...               0                 0

[1 rows x 28 columns]
2022-10-31 15:28:23,181 - Could not preprocess data, exception: invalid literal for int() with base 10: ''
2022-10-31 15:28:23,208 - Could not predict price Expected 2D array, got scalar array instead:
array=None.
Reshape your data either using array.reshape(-1, 1) if your data has a single feature or array.reshape(1, -1) if it contains a single sample.
2022-10-31 15:28:23,211 - 127.0.0.1 - - [31/Oct/2022 15:28:23] "[33mPOST /api/v1.0/model/ HTTP/1.1[0m" 404 -
2022-10-31 15:35:46,482 - 127.0.0.1 - - [31/Oct/2022 15:35:46] "OPTIONS /api/v1.0/model/ HTTP/1.1" 200 -
2022-10-31 15:35:46,492 -    kitchen  air_conditioning  ...  event_suitable  amenities_number
0        0                 0  ...               0                 0

[1 rows x 28 columns]
2022-10-31 15:35:46,567 - Could not preprocess data, exception: invalid literal for int() with base 10: ''
2022-10-31 15:35:46,595 - Could not predict price Expected 2D array, got scalar array instead:
array=None.
Reshape your data either using array.reshape(-1, 1) if your data has a single feature or array.reshape(1, -1) if it contains a single sample.
2022-10-31 15:35:46,601 - 127.0.0.1 - - [31/Oct/2022 15:35:46] "[33mPOST /api/v1.0/model/ HTTP/1.1[0m" 404 -
2022-10-31 15:36:38,634 - [31m[1mWARNING: This is a development server. Do not use it in a production deployment. Use a production WSGI server instead.[0m
 * Running on http://127.0.0.1:5000
2022-10-31 15:36:38,635 - [33mPress CTRL+C to quit[0m
2022-10-31 15:36:38,638 -  * Restarting with stat
2022-10-31 15:36:40,422 -  * Debugger is active!
2022-10-31 15:36:40,429 -  * Debugger PIN: 999-206-577
2022-10-31 15:37:56,923 - 127.0.0.1 - - [31/Oct/2022 15:37:56] "OPTIONS /api/v1.0/model/ HTTP/1.1" 200 -
2022-10-31 15:37:56,951 -    kitchen  ...  amenities_number
0        0  ...                 0

[1 rows x 28 columns]
2022-10-31 15:37:57,041 - Could not preprocess data, exception: invalid literal for int() with base 10: ''
2022-10-31 15:37:57,095 - Could not predict price Expected 2D array, got scalar array instead:
array=None.
Reshape your data either using array.reshape(-1, 1) if your data has a single feature or array.reshape(1, -1) if it contains a single sample.
2022-10-31 15:37:57,099 - 127.0.0.1 - - [31/Oct/2022 15:37:57] "[33mPOST /api/v1.0/model/ HTTP/1.1[0m" 404 -
2022-10-31 15:52:28,625 - [31m[1mWARNING: This is a development server. Do not use it in a production deployment. Use a production WSGI server instead.[0m
 * Running on http://127.0.0.1:5000
2022-10-31 15:52:28,626 - [33mPress CTRL+C to quit[0m
2022-10-31 15:52:28,630 -  * Restarting with stat
2022-10-31 15:52:30,587 -  * Debugger is active!
2022-10-31 15:52:30,594 -  * Debugger PIN: 999-206-577
2022-10-31 15:53:25,510 - 127.0.0.1 - - [31/Oct/2022 15:53:25] "OPTIONS /api/v1.0/model/ HTTP/1.1" 200 -
2022-10-31 15:53:25,531 -    kitchen  air_conditioning  ...  event_suitable  amenities_number
0        0                 0  ...               0                 0

[1 rows x 28 columns]
2022-10-31 15:53:25,655 - Could not preprocess data, exception: invalid literal for int() with base 10: ''
2022-10-31 15:53:25,716 - Could not predict price Expected 2D array, got scalar array instead:
array=None.
Reshape your data either using array.reshape(-1, 1) if your data has a single feature or array.reshape(1, -1) if it contains a single sample.
2022-10-31 15:53:25,720 - 127.0.0.1 - - [31/Oct/2022 15:53:25] "[33mPOST /api/v1.0/model/ HTTP/1.1[0m" 404 -
2022-10-31 15:56:40,345 - 127.0.0.1 - - [31/Oct/2022 15:56:40] "OPTIONS /api/v1.0/model/ HTTP/1.1" 200 -
2022-10-31 15:56:40,355 -    kitchen  air_conditioning  ...  event_suitable  amenities_number
0        0                 0  ...               0                 0

[1 rows x 28 columns]
2022-10-31 15:56:40,451 - Could not preprocess data, exception: invalid literal for int() with base 10: ''
2022-10-31 15:56:40,479 - Could not predict price Expected 2D array, got scalar array instead:
array=None.
Reshape your data either using array.reshape(-1, 1) if your data has a single feature or array.reshape(1, -1) if it contains a single sample.
2022-10-31 15:56:40,486 - 127.0.0.1 - - [31/Oct/2022 15:56:40] "[33mPOST /api/v1.0/model/ HTTP/1.1[0m" 404 -
