2022-10-25 13:49:45,299 - [31m[1mWARNING: This is a development server. Do not use it in a production deployment. Use a production WSGI server instead.[0m
 * Running on http://127.0.0.1:5000
2022-10-25 13:49:45,299 - [33mPress CTRL+C to quit[0m
2022-10-25 13:49:45,304 -  * Restarting with stat
2022-10-25 13:49:46,834 -  * Debugger is active!
2022-10-25 13:49:46,841 -  * Debugger PIN: 128-792-573
2022-10-25 13:49:51,851 - 127.0.0.1 - - [25/Oct/2022 13:49:51] "[32mPOST /api/v1.0/model HTTP/1.1[0m" 308 -
2022-10-25 13:49:51,880 - 0    √ ’∆«
Name: neighbourhood, dtype: object
2022-10-25 13:49:51,937 - 0    1
Name: event_suitable, dtype: int32
2022-10-25 13:49:51,938 - 0    14
Name: amenities_number, dtype: int64
2022-10-25 13:49:51,938 - Could not preprocess data, exception: [Errno 2] No such file or directory: 'C:\\Users\\Tzeni\\Desktop\\Project_git\\pfizer-dsmasterclass-2022-team3\\api/api/repo/host_info.csv'
2022-10-25 13:49:51,938 - Could not predict price 'NoneType' object is not subscriptable
2022-10-25 13:49:51,938 - 127.0.0.1 - - [25/Oct/2022 13:49:51] "[33mPOST /api/v1.0/model/ HTTP/1.1[0m" 404 -
2022-10-25 13:50:45,891 - [31m[1mWARNING: This is a development server. Do not use it in a production deployment. Use a production WSGI server instead.[0m
 * Running on http://127.0.0.1:5000
2022-10-25 13:50:45,891 - [33mPress CTRL+C to quit[0m
2022-10-25 13:50:45,891 -  * Restarting with stat
2022-10-25 13:50:47,512 -  * Debugger is active!
2022-10-25 13:50:47,516 -  * Debugger PIN: 128-792-573
2022-10-25 13:50:49,857 - 127.0.0.1 - - [25/Oct/2022 13:50:49] "[32mPOST /api/v1.0/model HTTP/1.1[0m" 308 -
2022-10-25 13:50:49,867 - 0    √ ’∆«
Name: neighbourhood, dtype: object
2022-10-25 13:50:49,901 - 0    1
Name: event_suitable, dtype: int32
2022-10-25 13:50:49,901 - 0    14
Name: amenities_number, dtype: int64
2022-10-25 13:50:49,901 - Could not preprocess data, exception: [Errno 2] No such file or directory: 'C:\\Users\\Tzeni\\Desktop\\Project_git\\pfizer-dsmasterclass-2022-team3\\api/api/repo/host_info.csv'
2022-10-25 13:50:49,901 - Could not predict price 'NoneType' object is not subscriptable
2022-10-25 13:50:49,907 - 127.0.0.1 - - [25/Oct/2022 13:50:49] "[33mPOST /api/v1.0/model/ HTTP/1.1[0m" 404 -
2022-10-25 13:51:19,285 - [31m[1mWARNING: This is a development server. Do not use it in a production deployment. Use a production WSGI server instead.[0m
 * Running on http://127.0.0.1:5000
2022-10-25 13:51:19,285 - [33mPress CTRL+C to quit[0m
2022-10-25 13:51:19,285 -  * Restarting with stat
2022-10-25 13:51:20,674 -  * Debugger is active!
2022-10-25 13:51:20,681 -  * Debugger PIN: 128-792-573
2022-10-25 13:51:26,415 - 127.0.0.1 - - [25/Oct/2022 13:51:26] "[32mPOST /api/v1.0/model HTTP/1.1[0m" 308 -
2022-10-25 13:51:26,423 - 0    √ ’∆«
Name: neighbourhood, dtype: object
2022-10-25 13:51:26,459 - 0    1
Name: event_suitable, dtype: int32
2022-10-25 13:51:26,459 - 0    14
Name: amenities_number, dtype: int64
2022-10-25 13:51:26,507 - Could not preprocess data, exception: 'id'
2022-10-25 13:51:26,509 - Could not predict price 'NoneType' object is not subscriptable
2022-10-25 13:51:26,510 - 127.0.0.1 - - [25/Oct/2022 13:51:26] "[33mPOST /api/v1.0/model/ HTTP/1.1[0m" 404 -
2022-10-25 13:52:23,286 -  * Detected change in 'C:\\Users\\Tzeni\\Desktop\\Project_git\\pfizer-dsmasterclass-2022-team3\\api\\services\\model_service.py', reloading
2022-10-25 13:52:23,448 -  * Restarting with stat
2022-10-25 13:52:24,994 -  * Debugger is active!
2022-10-25 13:52:24,998 -  * Debugger PIN: 128-792-573
2022-10-25 13:53:45,465 - [31m[1mWARNING: This is a development server. Do not use it in a production deployment. Use a production WSGI server instead.[0m
 * Running on http://127.0.0.1:5000
2022-10-25 13:53:45,465 - [33mPress CTRL+C to quit[0m
2022-10-25 13:53:45,465 -  * Restarting with stat
2022-10-25 13:53:46,863 -  * Debugger is active!
2022-10-25 13:53:46,863 -  * Debugger PIN: 128-792-573
2022-10-25 13:53:49,813 - 127.0.0.1 - - [25/Oct/2022 13:53:49] "[32mPOST /api/v1.0/model HTTP/1.1[0m" 308 -
2022-10-25 13:53:49,822 - 0    √ ’∆«
Name: neighbourhood, dtype: object
2022-10-25 13:53:49,854 - 0    1
Name: event_suitable, dtype: int32
2022-10-25 13:53:49,856 - 0    14
Name: amenities_number, dtype: int64
2022-10-25 13:53:49,877 - Could not preprocess data, exception: 'id'
2022-10-25 13:53:49,878 - Could not predict price 'NoneType' object is not subscriptable
2022-10-25 13:53:49,878 - 127.0.0.1 - - [25/Oct/2022 13:53:49] "[33mPOST /api/v1.0/model/ HTTP/1.1[0m" 404 -
2022-10-25 13:55:08,898 - 127.0.0.1 - - [25/Oct/2022 13:55:08] "[32mPOST /api/v1.0/model HTTP/1.1[0m" 308 -
2022-10-25 13:55:08,906 - 0    √ ’∆«
Name: neighbourhood, dtype: object
2022-10-25 13:55:08,915 - 0    1
Name: event_suitable, dtype: int32
2022-10-25 13:55:08,916 - 0    14
Name: amenities_number, dtype: int64
2022-10-25 13:55:08,939 - Could not preprocess data, exception: 'id'
2022-10-25 13:55:08,939 - Could not predict price 'NoneType' object is not subscriptable
2022-10-25 13:55:08,939 - 127.0.0.1 - - [25/Oct/2022 13:55:08] "[33mPOST /api/v1.0/model/ HTTP/1.1[0m" 404 -
2022-10-25 15:49:20,260 -  * Detected change in 'C:\\Users\\Tzeni\\Desktop\\Project_git\\pfizer-dsmasterclass-2022-team3\\api\\services\\model_service.py', reloading
2022-10-25 15:49:20,502 -  * Restarting with stat
2022-10-25 15:49:23,209 -  * Debugger is active!
2022-10-25 15:49:23,221 -  * Debugger PIN: 128-792-573
2022-10-25 15:52:03,671 -  * Detected change in 'C:\\Users\\Tzeni\\Desktop\\Project_git\\pfizer-dsmasterclass-2022-team3\\api\\services\\model_service.py', reloading
2022-10-25 15:52:03,836 -  * Restarting with stat
2022-10-25 15:52:06,029 -  * Debugger is active!
2022-10-25 15:52:06,035 -  * Debugger PIN: 128-792-573
2022-10-25 15:54:24,334 -  * Detected change in 'C:\\Users\\Tzeni\\Desktop\\Project_git\\pfizer-dsmasterclass-2022-team3\\api\\services\\model_service.py', reloading
2022-10-25 15:54:24,460 -  * Restarting with stat
2022-10-25 15:54:26,169 -  * Debugger is active!
2022-10-25 15:54:26,177 -  * Debugger PIN: 128-792-573
2022-10-25 15:54:31,768 - [31m[1mWARNING: This is a development server. Do not use it in a production deployment. Use a production WSGI server instead.[0m
 * Running on http://127.0.0.1:5000
2022-10-25 15:54:31,768 - [33mPress CTRL+C to quit[0m
2022-10-25 15:54:31,768 -  * Restarting with stat
2022-10-25 15:54:33,124 -  * Debugger is active!
2022-10-25 15:54:33,140 -  * Debugger PIN: 128-792-573
2022-10-25 15:54:36,399 - 127.0.0.1 - - [25/Oct/2022 15:54:36] "[32mPOST /api/v1.0/model HTTP/1.1[0m" 308 -
2022-10-25 15:54:36,425 - 0    √ ’∆«
Name: neighbourhood, dtype: object
2022-10-25 15:54:36,466 - 0    1
Name: event_suitable, dtype: int32
2022-10-25 15:54:36,468 - 0    14
Name: amenities_number, dtype: int64
2022-10-25 15:54:36,499 - Could not preprocess data, exception: 'id'
2022-10-25 15:54:36,499 - Could not predict price 'NoneType' object is not subscriptable
2022-10-25 15:54:36,500 - 127.0.0.1 - - [25/Oct/2022 15:54:36] "[33mPOST /api/v1.0/model/ HTTP/1.1[0m" 404 -
2022-10-25 15:58:06,883 - [31m[1mWARNING: This is a development server. Do not use it in a production deployment. Use a production WSGI server instead.[0m
 * Running on http://127.0.0.1:5000
2022-10-25 15:58:06,883 - [33mPress CTRL+C to quit[0m
2022-10-25 15:58:06,883 -  * Restarting with stat
2022-10-25 15:58:08,182 -  * Debugger is active!
2022-10-25 15:58:08,182 -  * Debugger PIN: 128-792-573
2022-10-25 15:58:14,141 - 127.0.0.1 - - [25/Oct/2022 15:58:14] "[32mPOST /api/v1.0/model HTTP/1.1[0m" 308 -
2022-10-25 15:58:14,148 - 0    √ ’∆«
Name: neighbourhood, dtype: object
2022-10-25 15:58:14,180 - 0    1
Name: event_suitable, dtype: int32
2022-10-25 15:58:14,181 - 0    14
Name: amenities_number, dtype: int64
2022-10-25 15:58:14,203 - Could not preprocess data, exception: 'id'
2022-10-25 15:58:14,203 - Could not predict price 'NoneType' object is not subscriptable
2022-10-25 15:58:14,204 - 127.0.0.1 - - [25/Oct/2022 15:58:14] "[33mPOST /api/v1.0/model/ HTTP/1.1[0m" 404 -
2022-10-25 15:59:45,410 - [31m[1mWARNING: This is a development server. Do not use it in a production deployment. Use a production WSGI server instead.[0m
 * Running on http://127.0.0.1:5000
2022-10-25 15:59:45,410 - [33mPress CTRL+C to quit[0m
2022-10-25 15:59:45,410 -  * Restarting with stat
2022-10-25 15:59:46,628 -  * Debugger is active!
2022-10-25 15:59:46,628 -  * Debugger PIN: 128-792-573
2022-10-25 15:59:48,775 - 127.0.0.1 - - [25/Oct/2022 15:59:48] "[32mPOST /api/v1.0/model HTTP/1.1[0m" 308 -
2022-10-25 15:59:48,784 - 0    √ ’∆«
Name: neighbourhood, dtype: object
2022-10-25 15:59:48,815 - 0    1
Name: event_suitable, dtype: int32
2022-10-25 15:59:48,816 - 0    14
Name: amenities_number, dtype: int64
2022-10-25 15:59:48,818 -    latitude  longitude  ... event_suitable  amenities_number
0  52.36435    4.94358  ...              1                14

[1 rows x 44 columns]
2022-10-25 15:59:48,899 - {'listing_info': {'host_id': 37177, 'number_of_reviews': 10, 'neighbourhood': '√ ’∆«', 'room_type': 'Private room'}, 'prediction': {'price': 10}}
2022-10-25 15:59:48,900 - 127.0.0.1 - - [25/Oct/2022 15:59:48] "POST /api/v1.0/model/ HTTP/1.1" 200 -
2022-10-25 16:02:55,566 - [31m[1mWARNING: This is a development server. Do not use it in a production deployment. Use a production WSGI server instead.[0m
 * Running on http://127.0.0.1:5000
2022-10-25 16:02:55,566 - [33mPress CTRL+C to quit[0m
2022-10-25 16:02:55,566 -  * Restarting with stat
2022-10-25 16:02:56,849 -  * Debugger is active!
2022-10-25 16:02:56,865 -  * Debugger PIN: 128-792-573
2022-10-25 16:02:58,514 - 127.0.0.1 - - [25/Oct/2022 16:02:58] "[32mPOST /api/v1.0/model HTTP/1.1[0m" 308 -
2022-10-25 16:02:58,526 - 0    √ ’∆«
Name: neighbourhood, dtype: object
2022-10-25 16:02:58,559 - 0    1
Name: event_suitable, dtype: int32
2022-10-25 16:02:58,560 - 0    14
Name: amenities_number, dtype: int64
2022-10-25 16:02:58,561 -    latitude  longitude  ... event_suitable  amenities_number
0  52.36435    4.94358  ...              1                14

[1 rows x 44 columns]
2022-10-25 16:02:58,628 - {'listing_info': {'host_id': 37177, 'number_of_reviews': 10, 'neighbourhood': '√ ’∆«', 'room_type': 'Private room'}, 'prediction': {'price': 10}}
2022-10-25 16:02:58,628 - 127.0.0.1 - - [25/Oct/2022 16:02:58] "POST /api/v1.0/model/ HTTP/1.1" 200 -
2022-10-25 16:03:23,776 - [31m[1mWARNING: This is a development server. Do not use it in a production deployment. Use a production WSGI server instead.[0m
 * Running on http://127.0.0.1:5000
2022-10-25 16:03:23,776 - [33mPress CTRL+C to quit[0m
2022-10-25 16:03:23,776 -  * Restarting with stat
2022-10-25 16:03:25,188 -  * Debugger is active!
2022-10-25 16:03:25,204 -  * Debugger PIN: 128-792-573
2022-10-25 16:03:28,051 - 127.0.0.1 - - [25/Oct/2022 16:03:28] "[32mPOST /api/v1.0/model HTTP/1.1[0m" 308 -
2022-10-25 16:03:28,059 - 0    √ ’∆«
Name: neighbourhood, dtype: object
2022-10-25 16:03:28,101 - 0    1
Name: event_suitable, dtype: int32
2022-10-25 16:03:28,102 - 0    14
Name: amenities_number, dtype: int64
2022-10-25 16:03:28,142 - Could not preprocess data, exception: 'str' object has no attribute 'astype'
2022-10-25 16:03:28,143 - Could not predict price 'NoneType' object is not subscriptable
2022-10-25 16:03:28,144 - 127.0.0.1 - - [25/Oct/2022 16:03:28] "[33mPOST /api/v1.0/model/ HTTP/1.1[0m" 404 -
2022-10-25 16:03:59,298 - [31m[1mWARNING: This is a development server. Do not use it in a production deployment. Use a production WSGI server instead.[0m
 * Running on http://127.0.0.1:5000
2022-10-25 16:03:59,298 - [33mPress CTRL+C to quit[0m
2022-10-25 16:03:59,298 -  * Restarting with stat
2022-10-25 16:04:00,648 -  * Debugger is active!
2022-10-25 16:04:00,655 -  * Debugger PIN: 128-792-573
2022-10-25 16:04:02,415 - 127.0.0.1 - - [25/Oct/2022 16:04:02] "[32mPOST /api/v1.0/model HTTP/1.1[0m" 308 -
2022-10-25 16:04:02,423 - 0    √ ’∆«
Name: neighbourhood, dtype: object
2022-10-25 16:04:02,459 - 0    1
Name: event_suitable, dtype: int32
2022-10-25 16:04:02,460 - 0    14
Name: amenities_number, dtype: int64
2022-10-25 16:04:02,488 -    latitude  longitude  ... event_suitable  amenities_number
0  52.36435    4.94358  ...              1                14

[1 rows x 44 columns]
2022-10-25 16:04:02,572 - {'listing_info': {'host_id': 37177, 'number_of_reviews': 10, 'neighbourhood': '√ ’∆«', 'room_type': 'Private room'}, 'prediction': {'price': 10}}
2022-10-25 16:04:02,572 - 127.0.0.1 - - [25/Oct/2022 16:04:02] "POST /api/v1.0/model/ HTTP/1.1" 200 -
2022-10-25 16:04:33,384 - [31m[1mWARNING: This is a development server. Do not use it in a production deployment. Use a production WSGI server instead.[0m
 * Running on http://127.0.0.1:5000
2022-10-25 16:04:33,384 - [33mPress CTRL+C to quit[0m
2022-10-25 16:04:33,384 -  * Restarting with stat
2022-10-25 16:04:34,682 -  * Debugger is active!
2022-10-25 16:04:34,698 -  * Debugger PIN: 128-792-573
2022-10-25 16:04:39,336 - 127.0.0.1 - - [25/Oct/2022 16:04:39] "[32mPOST /api/v1.0/model HTTP/1.1[0m" 308 -
2022-10-25 16:04:39,345 - 0    √ ’∆«
Name: neighbourhood, dtype: object
2022-10-25 16:04:39,377 - 0    1
Name: event_suitable, dtype: int32
2022-10-25 16:04:39,378 - 0    14
Name: amenities_number, dtype: int64
2022-10-25 16:04:39,402 - Could not preprocess data, exception: cannot concatenate object of type '<class 'dict'>'; only Series and DataFrame objs are valid
2022-10-25 16:04:39,402 - Could not predict price 'NoneType' object is not subscriptable
2022-10-25 16:04:39,403 - 127.0.0.1 - - [25/Oct/2022 16:04:39] "[33mPOST /api/v1.0/model/ HTTP/1.1[0m" 404 -
2022-10-25 16:05:15,773 - [31m[1mWARNING: This is a development server. Do not use it in a production deployment. Use a production WSGI server instead.[0m
 * Running on http://127.0.0.1:5000
2022-10-25 16:05:15,773 - [33mPress CTRL+C to quit[0m
2022-10-25 16:05:15,773 -  * Restarting with stat
2022-10-25 16:05:17,061 -  * Debugger is active!
2022-10-25 16:05:17,061 -  * Debugger PIN: 128-792-573
2022-10-25 16:05:19,128 - 127.0.0.1 - - [25/Oct/2022 16:05:19] "[32mPOST /api/v1.0/model HTTP/1.1[0m" 308 -
2022-10-25 16:05:19,136 - 0    √ ’∆«
Name: neighbourhood, dtype: object
2022-10-25 16:05:19,175 - 0    1
Name: event_suitable, dtype: int32
2022-10-25 16:05:19,176 - 0    14
Name: amenities_number, dtype: int64
2022-10-25 16:05:19,201 - 37177
2022-10-25 16:05:19,201 - Could not preprocess data, exception: cannot concatenate object of type '<class 'dict'>'; only Series and DataFrame objs are valid
2022-10-25 16:05:19,201 - Could not predict price 'NoneType' object is not subscriptable
2022-10-25 16:05:19,202 - 127.0.0.1 - - [25/Oct/2022 16:05:19] "[33mPOST /api/v1.0/model/ HTTP/1.1[0m" 404 -
2022-10-25 16:06:02,993 - [31m[1mWARNING: This is a development server. Do not use it in a production deployment. Use a production WSGI server instead.[0m
 * Running on http://127.0.0.1:5000
2022-10-25 16:06:02,993 - [33mPress CTRL+C to quit[0m
2022-10-25 16:06:02,993 -  * Restarting with stat
2022-10-25 16:06:04,337 -  * Debugger is active!
2022-10-25 16:06:04,337 -  * Debugger PIN: 128-792-573
2022-10-25 16:06:48,746 - 127.0.0.1 - - [25/Oct/2022 16:06:48] "[32mPOST /api/v1.0/model HTTP/1.1[0m" 308 -
2022-10-25 16:06:48,782 - 0    √ ’∆«
Name: neighbourhood, dtype: object
2022-10-25 16:06:48,788 - 0    1
Name: event_suitable, dtype: int32
2022-10-25 16:06:48,789 - 0    14
Name: amenities_number, dtype: int64
2022-10-25 16:06:48,812 - 37177
2022-10-25 16:06:48,820 -    latitude  longitude  ... event_suitable  amenities_number
0  52.36435    4.94358  ...            NaN               NaN
0       NaN        NaN  ...            1.0              14.0

[2 rows x 44 columns]
2022-10-25 16:06:48,907 - {'listing_info': {'host_id': 37177, 'number_of_reviews': 10, 'neighbourhood': '√ ’∆«', 'room_type': 'Private room'}, 'prediction': {'price': 10}}
2022-10-25 16:06:48,907 - 127.0.0.1 - - [25/Oct/2022 16:06:48] "POST /api/v1.0/model/ HTTP/1.1" 200 -
2022-10-25 16:08:39,612 -  * Detected change in 'C:\\Users\\Tzeni\\Desktop\\Project_git\\pfizer-dsmasterclass-2022-team3\\api\\services\\model_service.py', reloading
2022-10-25 16:08:39,745 -  * Restarting with stat
2022-10-25 16:08:40,946 -  * Debugger is active!
2022-10-25 16:08:40,946 -  * Debugger PIN: 128-792-573
2022-10-25 16:09:13,263 - [31m[1mWARNING: This is a development server. Do not use it in a production deployment. Use a production WSGI server instead.[0m
 * Running on http://127.0.0.1:5000
2022-10-25 16:09:13,263 - [33mPress CTRL+C to quit[0m
2022-10-25 16:09:13,263 -  * Restarting with stat
2022-10-25 16:09:14,636 -  * Debugger is active!
2022-10-25 16:09:14,651 -  * Debugger PIN: 128-792-573
2022-10-25 16:09:20,336 - 127.0.0.1 - - [25/Oct/2022 16:09:20] "[32mPOST /api/v1.0/model HTTP/1.1[0m" 308 -
2022-10-25 16:09:20,344 - 0    √ ’∆«
Name: neighbourhood, dtype: object
2022-10-25 16:09:20,381 - 0    1
Name: event_suitable, dtype: int32
2022-10-25 16:09:20,382 - 0    14
Name: amenities_number, dtype: int64
2022-10-25 16:09:20,404 - {'host_about': 'Athens Quality Apartments is a company started back at 2007 and now we have 8 apartments. Our goal is to offer to travelers beautiful apartments with professional service only in good location and with all the necessary amenities.\r\n', 'host_response_time': nan, 'host_response_rate': nan, 'host_is_superhost': 't', 'host_verifications': "['email', 'phone', 'reviews', 'jumio', 'government_id']", 'calculated_host_listings_count': 6}
2022-10-25 16:09:20,408 -    latitude  longitude  ... event_suitable  amenities_number
0  52.36435    4.94358  ...            NaN               NaN
0       NaN        NaN  ...            1.0              14.0

[2 rows x 44 columns]
2022-10-25 16:09:20,488 - {'listing_info': {'host_id': 37177, 'number_of_reviews': 10, 'neighbourhood': '√ ’∆«', 'room_type': 'Private room'}, 'prediction': {'price': 10}}
2022-10-25 16:09:20,489 - 127.0.0.1 - - [25/Oct/2022 16:09:20] "POST /api/v1.0/model/ HTTP/1.1" 200 -
2022-10-25 16:11:35,209 - [31m[1mWARNING: This is a development server. Do not use it in a production deployment. Use a production WSGI server instead.[0m
 * Running on http://127.0.0.1:5000
2022-10-25 16:11:35,209 - [33mPress CTRL+C to quit[0m
2022-10-25 16:11:35,209 -  * Restarting with stat
2022-10-25 16:11:36,443 -  * Debugger is active!
2022-10-25 16:11:36,443 -  * Debugger PIN: 128-792-573
2022-10-25 16:11:39,406 - 127.0.0.1 - - [25/Oct/2022 16:11:39] "[32mPOST /api/v1.0/model HTTP/1.1[0m" 308 -
2022-10-25 16:11:39,420 - 0    √ ’∆«
Name: neighbourhood, dtype: object
2022-10-25 16:11:39,454 - 0    1
Name: event_suitable, dtype: int32
2022-10-25 16:11:39,455 - 0    14
Name: amenities_number, dtype: int64
2022-10-25 16:11:39,485 - Athens Quality Apartments is a company started back at 2007 and now we have 8 apartments. Our goal is to offer to travelers beautiful apartments with professional service only in good location and with all the necessary amenities.

2022-10-25 16:11:39,487 -    latitude  longitude  ... event_suitable  amenities_number
0  52.36435    4.94358  ...            NaN               NaN
0       NaN        NaN  ...            1.0              14.0

[2 rows x 44 columns]
2022-10-25 16:11:39,577 - {'listing_info': {'host_id': 37177, 'number_of_reviews': 10, 'neighbourhood': '√ ’∆«', 'room_type': 'Private room'}, 'prediction': {'price': 10}}
2022-10-25 16:11:39,577 - 127.0.0.1 - - [25/Oct/2022 16:11:39] "POST /api/v1.0/model/ HTTP/1.1" 200 -
2022-10-25 16:11:53,893 - [31m[1mWARNING: This is a development server. Do not use it in a production deployment. Use a production WSGI server instead.[0m
 * Running on http://127.0.0.1:5000
2022-10-25 16:11:53,893 - [33mPress CTRL+C to quit[0m
2022-10-25 16:11:53,893 -  * Restarting with stat
2022-10-25 16:11:55,112 -  * Debugger is active!
2022-10-25 16:11:55,112 -  * Debugger PIN: 128-792-573
2022-10-25 16:11:58,046 - 127.0.0.1 - - [25/Oct/2022 16:11:58] "[32mPOST /api/v1.0/model HTTP/1.1[0m" 308 -
2022-10-25 16:11:58,054 - 0    √ ’∆«
Name: neighbourhood, dtype: object
2022-10-25 16:11:58,092 - 0    1
Name: event_suitable, dtype: int32
2022-10-25 16:11:58,093 - 0    14
Name: amenities_number, dtype: int64
2022-10-25 16:11:58,114 - Athens Quality Apartments is a company started back at 2007 and now we have 8 apartments. Our goal is to offer to travelers beautiful apartments with professional service only in good location and with all the necessary amenities.

2022-10-25 16:11:58,116 -    latitude  longitude  ... event_suitable  amenities_number
0  52.36435    4.94358  ...            NaN               NaN
0       NaN        NaN  ...            1.0              14.0

[2 rows x 44 columns]
2022-10-25 16:11:58,198 - {'listing_info': {'host_id': 37177, 'number_of_reviews': 10, 'neighbourhood': '√ ’∆«', 'room_type': 'Private room'}, 'prediction': {'price': 10}}
2022-10-25 16:11:58,199 - 127.0.0.1 - - [25/Oct/2022 16:11:58] "POST /api/v1.0/model/ HTTP/1.1" 200 -
2022-10-25 16:12:31,978 - [31m[1mWARNING: This is a development server. Do not use it in a production deployment. Use a production WSGI server instead.[0m
 * Running on http://127.0.0.1:5000
2022-10-25 16:12:31,978 - [33mPress CTRL+C to quit[0m
2022-10-25 16:12:31,978 -  * Restarting with stat
2022-10-25 16:12:33,233 -  * Debugger is active!
2022-10-25 16:12:33,233 -  * Debugger PIN: 128-792-573
2022-10-25 16:12:35,574 - 127.0.0.1 - - [25/Oct/2022 16:12:35] "[32mPOST /api/v1.0/model HTTP/1.1[0m" 308 -
2022-10-25 16:12:35,585 - 0    √ ’∆«
Name: neighbourhood, dtype: object
2022-10-25 16:12:35,621 - 0    1
Name: event_suitable, dtype: int32
2022-10-25 16:12:35,622 - 0    14
Name: amenities_number, dtype: int64
2022-10-25 16:12:35,645 - nan
2022-10-25 16:12:35,647 -    latitude  longitude  ... event_suitable  amenities_number
0  52.36435    4.94358  ...            NaN               NaN
0       NaN        NaN  ...            1.0              14.0

[2 rows x 44 columns]
2022-10-25 16:12:35,738 - {'listing_info': {'host_id': 37177, 'number_of_reviews': 10, 'neighbourhood': '√ ’∆«', 'room_type': 'Private room'}, 'prediction': {'price': 10}}
2022-10-25 16:12:35,738 - 127.0.0.1 - - [25/Oct/2022 16:12:35] "POST /api/v1.0/model/ HTTP/1.1" 200 -
2022-10-25 16:13:14,450 - [31m[1mWARNING: This is a development server. Do not use it in a production deployment. Use a production WSGI server instead.[0m
 * Running on http://127.0.0.1:5000
2022-10-25 16:13:14,450 - [33mPress CTRL+C to quit[0m
2022-10-25 16:13:14,450 -  * Restarting with stat
2022-10-25 16:13:15,721 -  * Debugger is active!
2022-10-25 16:13:15,721 -  * Debugger PIN: 128-792-573
2022-10-25 16:13:18,348 - 127.0.0.1 - - [25/Oct/2022 16:13:18] "[32mPOST /api/v1.0/model HTTP/1.1[0m" 308 -
2022-10-25 16:13:18,355 - 0    √ ’∆«
Name: neighbourhood, dtype: object
2022-10-25 16:13:18,391 - 0    1
Name: event_suitable, dtype: int32
2022-10-25 16:13:18,392 - 0    14
Name: amenities_number, dtype: int64
2022-10-25 16:13:18,412 - {'host_about': 'Athens Quality Apartments is a company started back at 2007 and now we have 8 apartments. Our goal is to offer to travelers beautiful apartments with professional service only in good location and with all the necessary amenities.\r\n', 'host_response_time': nan, 'host_response_rate': nan, 'host_is_superhost': 't', 'host_verifications': "['email', 'phone', 'reviews', 'jumio', 'government_id']", 'calculated_host_listings_count': 6}
2022-10-25 16:13:18,414 -    latitude  longitude  ... event_suitable  amenities_number
0  52.36435    4.94358  ...            NaN               NaN
0       NaN        NaN  ...            1.0              14.0

[2 rows x 44 columns]
2022-10-25 16:13:18,494 - {'listing_info': {'host_id': 37177, 'number_of_reviews': 10, 'neighbourhood': '√ ’∆«', 'room_type': 'Private room'}, 'prediction': {'price': 10}}
2022-10-25 16:13:18,494 - 127.0.0.1 - - [25/Oct/2022 16:13:18] "POST /api/v1.0/model/ HTTP/1.1" 200 -
2022-10-25 16:14:02,516 - [31m[1mWARNING: This is a development server. Do not use it in a production deployment. Use a production WSGI server instead.[0m
 * Running on http://127.0.0.1:5000
2022-10-25 16:14:02,516 - [33mPress CTRL+C to quit[0m
2022-10-25 16:14:02,516 -  * Restarting with stat
2022-10-25 16:14:03,924 -  * Debugger is active!
2022-10-25 16:14:03,940 -  * Debugger PIN: 128-792-573
2022-10-25 16:14:12,005 - 127.0.0.1 - - [25/Oct/2022 16:14:12] "[32mPOST /api/v1.0/model HTTP/1.1[0m" 308 -
2022-10-25 16:14:12,011 - 0    √ ’∆«
Name: neighbourhood, dtype: object
2022-10-25 16:14:12,042 - 0    1
Name: event_suitable, dtype: int32
2022-10-25 16:14:12,044 - 0    14
Name: amenities_number, dtype: int64
2022-10-25 16:14:12,065 - {'host_about': 'Athens Quality Apartments is a company started back at 2007 and now we have 8 apartments. Our goal is to offer to travelers beautiful apartments with professional service only in good location and with all the necessary amenities.\r\n', 'host_response_time': nan, 'host_response_rate': nan, 'host_is_superhost': 't', 'host_verifications': "['email', 'phone', 'reviews', 'jumio', 'government_id']", 'calculated_host_listings_count': 6}
2022-10-25 16:14:12,066 -    latitude  longitude  ... event_suitable  amenities_number
0  52.36435    4.94358  ...            NaN               NaN
0       NaN        NaN  ...            1.0              14.0

[2 rows x 44 columns]
2022-10-25 16:14:12,148 - {'listing_info': {'host_id': 37177, 'number_of_reviews': 10, 'neighbourhood': '√ ’∆«', 'room_type': 'Private room'}, 'prediction': {'price': 10}}
2022-10-25 16:14:12,149 - 127.0.0.1 - - [25/Oct/2022 16:14:12] "POST /api/v1.0/model/ HTTP/1.1" 200 -
2022-10-25 16:16:15,203 - [31m[1mWARNING: This is a development server. Do not use it in a production deployment. Use a production WSGI server instead.[0m
 * Running on http://127.0.0.1:5000
2022-10-25 16:16:15,203 - [33mPress CTRL+C to quit[0m
2022-10-25 16:16:15,203 -  * Restarting with stat
2022-10-25 16:16:16,506 -  * Debugger is active!
2022-10-25 16:16:16,528 -  * Debugger PIN: 128-792-573
2022-10-25 16:16:18,451 - 127.0.0.1 - - [25/Oct/2022 16:16:18] "[32mPOST /api/v1.0/model HTTP/1.1[0m" 308 -
2022-10-25 16:16:18,459 - 0    √ ’∆«
Name: neighbourhood, dtype: object
2022-10-25 16:16:18,499 - 0    1
Name: event_suitable, dtype: int32
2022-10-25 16:16:18,501 - 0    14
Name: amenities_number, dtype: int64
2022-10-25 16:16:18,537 - {'host_about': 'Athens Quality Apartments is a company started back at 2007 and now we have 8 apartments. Our goal is to offer to travelers beautiful apartments with professional service only in good location and with all the necessary amenities.\r\n', 'host_response_time': nan, 'host_response_rate': nan, 'host_is_superhost': 't', 'host_verifications': "['email', 'phone', 'reviews', 'jumio', 'government_id']", 'calculated_host_listings_count': 6}
2022-10-25 16:16:18,539 - Could not preprocess data, exception: cannot concatenate object of type '<class 'dict'>'; only Series and DataFrame objs are valid
2022-10-25 16:16:18,539 - Could not predict price 'NoneType' object is not subscriptable
2022-10-25 16:16:18,541 - 127.0.0.1 - - [25/Oct/2022 16:16:18] "[33mPOST /api/v1.0/model/ HTTP/1.1[0m" 404 -
2022-10-25 16:18:55,389 - [31m[1mWARNING: This is a development server. Do not use it in a production deployment. Use a production WSGI server instead.[0m
 * Running on http://127.0.0.1:5000
2022-10-25 16:18:55,389 - [33mPress CTRL+C to quit[0m
2022-10-25 16:18:55,390 -  * Restarting with stat
2022-10-25 16:18:57,369 -  * Debugger is active!
2022-10-25 16:18:57,377 -  * Debugger PIN: 128-792-573
2022-10-25 16:18:59,799 - 127.0.0.1 - - [25/Oct/2022 16:18:59] "[32mPOST /api/v1.0/model HTTP/1.1[0m" 308 -
2022-10-25 16:18:59,809 - 0    √ ’∆«
Name: neighbourhood, dtype: object
2022-10-25 16:18:59,860 - 0    1
Name: event_suitable, dtype: int32
2022-10-25 16:18:59,862 - 0    14
Name: amenities_number, dtype: int64
2022-10-25 16:18:59,909 -    latitude  ...  calculated_host_listings_count
0  52.36435  ...                             NaN
0       NaN  ...                             NaN
0       NaN  ...                             6.0

[3 rows x 52 columns]
2022-10-25 16:19:00,163 - {'listing_info': {'host_id': 37177, 'number_of_reviews': 10, 'neighbourhood': '√ ’∆«', 'room_type': 'Private room'}, 'prediction': {'price': 10}}
2022-10-25 16:19:00,164 - 127.0.0.1 - - [25/Oct/2022 16:19:00] "POST /api/v1.0/model/ HTTP/1.1" 200 -
2022-10-25 16:20:06,801 - [31m[1mWARNING: This is a development server. Do not use it in a production deployment. Use a production WSGI server instead.[0m
 * Running on http://127.0.0.1:5000
2022-10-25 16:20:06,801 - [33mPress CTRL+C to quit[0m
2022-10-25 16:20:06,801 -  * Restarting with stat
2022-10-25 16:20:08,267 -  * Debugger is active!
2022-10-25 16:20:08,267 -  * Debugger PIN: 128-792-573
2022-10-25 16:20:10,265 - 127.0.0.1 - - [25/Oct/2022 16:20:10] "[32mPOST /api/v1.0/model HTTP/1.1[0m" 308 -
2022-10-25 16:20:10,271 - 0    √ ’∆«
Name: neighbourhood, dtype: object
2022-10-25 16:20:10,304 - 0    1
Name: event_suitable, dtype: int32
2022-10-25 16:20:10,305 - 0    14
Name: amenities_number, dtype: int64
2022-10-25 16:20:10,328 -    latitude  ...  calculated_host_listings_count
0  52.36435  ...                             NaN
0       NaN  ...                             NaN
0       NaN  ...                             6.0

[3 rows x 52 columns]
2022-10-25 16:20:10,487 - {'listing_info': {'host_id': 37177, 'number_of_reviews': 10, 'neighbourhood': '√ ’∆«', 'room_type': 'Private room'}, 'prediction': {'price': 10}}
2022-10-25 16:20:10,488 - 127.0.0.1 - - [25/Oct/2022 16:20:10] "POST /api/v1.0/model/ HTTP/1.1" 200 -
2022-10-25 16:22:29,281 - [31m[1mWARNING: This is a development server. Do not use it in a production deployment. Use a production WSGI server instead.[0m
 * Running on http://127.0.0.1:5000
2022-10-25 16:22:29,281 - [33mPress CTRL+C to quit[0m
2022-10-25 16:22:29,281 -  * Restarting with stat
2022-10-25 16:22:30,587 -  * Debugger is active!
2022-10-25 16:22:30,603 -  * Debugger PIN: 128-792-573
2022-10-25 16:22:33,970 - 127.0.0.1 - - [25/Oct/2022 16:22:33] "[32mPOST /api/v1.0/model HTTP/1.1[0m" 308 -
2022-10-25 16:22:33,984 - 0    √ ’∆«
Name: neighbourhood, dtype: object
2022-10-25 16:22:34,017 - 0    1
Name: event_suitable, dtype: int32
2022-10-25 16:22:34,018 - 0    14
Name: amenities_number, dtype: int64
2022-10-25 16:22:34,047 -    latitude  ...  calculated_host_listings_count
0  52.36435  ...                             NaN
0       NaN  ...                             NaN
0       NaN  ...                             6.0

[3 rows x 52 columns]
2022-10-25 16:22:35,666 - Could not predict price No module named 'xgboost'
2022-10-25 16:22:35,667 - 127.0.0.1 - - [25/Oct/2022 16:22:35] "[33mPOST /api/v1.0/model/ HTTP/1.1[0m" 404 -
2022-10-25 16:24:14,648 -  * Detected change in 'C:\\Users\\Tzeni\\Desktop\\Project_git\\pfizer-dsmasterclass-2022-team3\\api\\services\\model_service.py', reloading
2022-10-25 16:24:14,896 -  * Restarting with stat
2022-10-25 16:25:33,837 - [31m[1mWARNING: This is a development server. Do not use it in a production deployment. Use a production WSGI server instead.[0m
 * Running on http://127.0.0.1:5000
2022-10-25 16:25:33,837 - [33mPress CTRL+C to quit[0m
2022-10-25 16:25:33,837 -  * Restarting with stat
2022-10-25 16:25:35,642 -  * Debugger is active!
2022-10-25 16:25:35,657 -  * Debugger PIN: 128-792-573
2022-10-25 16:25:40,069 - 127.0.0.1 - - [25/Oct/2022 16:25:40] "[32mPOST /api/v1.0/model HTTP/1.1[0m" 308 -
2022-10-25 16:25:40,096 - 0    √ ’∆«
Name: neighbourhood, dtype: object
2022-10-25 16:25:40,114 - 0    1
Name: event_suitable, dtype: int32
2022-10-25 16:25:40,115 - 0    14
Name: amenities_number, dtype: int64
2022-10-25 16:25:40,160 -    latitude  ...  calculated_host_listings_count
0  52.36435  ...                             NaN
0       NaN  ...                             NaN
0       NaN  ...                             6.0

[3 rows x 52 columns]
2022-10-25 16:25:40,309 - Could not predict price [16:25:40] C:/Users/administrator/workspace/xgboost-win64_release_1.6.0/src/learner.cc:1059: Check failed: header == serialisation_header_: 
  If you are loading a serialized model (like pickle in Python, RDS in R) generated by
  older XGBoost, please export the model by calling `Booster.save_model` from that version
  first, then load it back in current version. See:

    https://xgboost.readthedocs.io/en/latest/tutorials/saving_model.html

  for more details about differences between saving model and serializing.

2022-10-25 16:25:40,311 - 127.0.0.1 - - [25/Oct/2022 16:25:40] "[33mPOST /api/v1.0/model/ HTTP/1.1[0m" 404 -
2022-10-25 16:29:07,709 -  * Detected change in 'C:\\Users\\Tzeni\\Desktop\\Project_git\\pfizer-dsmasterclass-2022-team3\\api\\services\\model_service.py', reloading
2022-10-25 16:29:07,978 -  * Restarting with stat
2022-10-25 16:29:09,744 -  * Debugger is active!
2022-10-25 16:29:09,744 -  * Debugger PIN: 128-792-573
2022-10-25 16:30:29,098 - 127.0.0.1 - - [25/Oct/2022 16:30:29] "[32mPOST /api/v1.0/model HTTP/1.1[0m" 308 -
2022-10-25 16:30:29,150 - 0    √ ’∆«
Name: neighbourhood, dtype: object
2022-10-25 16:30:29,165 - 0    1
Name: event_suitable, dtype: int32
2022-10-25 16:30:29,166 - 0    14
Name: amenities_number, dtype: int64
2022-10-25 16:30:29,204 -    latitude  ...  calculated_host_listings_count
0  52.36435  ...                             NaN
0       NaN  ...                             NaN
0       NaN  ...                             6.0

[3 rows x 52 columns]
2022-10-25 16:30:30,109 - Could not predict price [16:30:30] C:/Users/administrator/workspace/xgboost-win64_release_1.6.0/src/learner.cc:1059: Check failed: header == serialisation_header_: 
  If you are loading a serialized model (like pickle in Python, RDS in R) generated by
  older XGBoost, please export the model by calling `Booster.save_model` from that version
  first, then load it back in current version. See:

    https://xgboost.readthedocs.io/en/latest/tutorials/saving_model.html

  for more details about differences between saving model and serializing.

2022-10-25 16:30:30,110 - 127.0.0.1 - - [25/Oct/2022 16:30:30] "[33mPOST /api/v1.0/model/ HTTP/1.1[0m" 404 -
2022-10-25 16:39:45,958 - [31m[1mWARNING: This is a development server. Do not use it in a production deployment. Use a production WSGI server instead.[0m
 * Running on http://127.0.0.1:5000
2022-10-25 16:39:45,958 - [33mPress CTRL+C to quit[0m
2022-10-25 16:39:45,974 -  * Restarting with stat
2022-10-25 16:39:47,462 -  * Debugger is active!
2022-10-25 16:39:47,476 -  * Debugger PIN: 128-792-573
2022-10-25 16:39:51,069 - 127.0.0.1 - - [25/Oct/2022 16:39:51] "[32mPOST /api/v1.0/model HTTP/1.1[0m" 308 -
2022-10-25 16:39:51,078 - 0    √ ’∆«
Name: neighbourhood, dtype: object
2022-10-25 16:39:51,109 - 0    1
Name: event_suitable, dtype: int32
2022-10-25 16:39:51,110 - 0    14
Name: amenities_number, dtype: int64
2022-10-25 16:39:51,144 -    latitude  ...  calculated_host_listings_count
0  52.36435  ...                             NaN
0       NaN  ...                             NaN
0       NaN  ...                             6.0

[3 rows x 52 columns]
2022-10-25 16:39:51,944 - Could not predict price [16:39:51] C:/Users/administrator/workspace/xgboost-win64_release_1.6.0/src/learner.cc:1059: Check failed: header == serialisation_header_: 
  If you are loading a serialized model (like pickle in Python, RDS in R) generated by
  older XGBoost, please export the model by calling `Booster.save_model` from that version
  first, then load it back in current version. See:

    https://xgboost.readthedocs.io/en/latest/tutorials/saving_model.html

  for more details about differences between saving model and serializing.

2022-10-25 16:39:51,945 - 127.0.0.1 - - [25/Oct/2022 16:39:51] "[33mPOST /api/v1.0/model/ HTTP/1.1[0m" 404 -
2022-10-25 16:41:18,420 - [31m[1mWARNING: This is a development server. Do not use it in a production deployment. Use a production WSGI server instead.[0m
 * Running on http://127.0.0.1:5000
2022-10-25 16:41:18,420 - [33mPress CTRL+C to quit[0m
2022-10-25 16:41:18,420 -  * Restarting with stat
2022-10-25 16:41:19,661 -  * Debugger is active!
2022-10-25 16:41:19,661 -  * Debugger PIN: 128-792-573
2022-10-25 16:41:21,189 - 127.0.0.1 - - [25/Oct/2022 16:41:21] "[32mPOST /api/v1.0/model HTTP/1.1[0m" 308 -
2022-10-25 16:41:21,195 - 0    √ ’∆«
Name: neighbourhood, dtype: object
2022-10-25 16:41:21,236 - 0    1
Name: event_suitable, dtype: int32
2022-10-25 16:41:21,238 - 0    14
Name: amenities_number, dtype: int64
2022-10-25 16:41:21,265 -    latitude  ...  calculated_host_listings_count
0  52.36435  ...                             NaN
0       NaN  ...                             NaN
0       NaN  ...                             6.0

[3 rows x 52 columns]
2022-10-25 16:41:21,885 - Could not predict price [16:41:21] C:/Users/administrator/workspace/xgboost-win64_release_1.6.0/src/learner.cc:1059: Check failed: header == serialisation_header_: 
  If you are loading a serialized model (like pickle in Python, RDS in R) generated by
  older XGBoost, please export the model by calling `Booster.save_model` from that version
  first, then load it back in current version. See:

    https://xgboost.readthedocs.io/en/latest/tutorials/saving_model.html

  for more details about differences between saving model and serializing.

2022-10-25 16:41:21,887 - 127.0.0.1 - - [25/Oct/2022 16:41:21] "[33mPOST /api/v1.0/model/ HTTP/1.1[0m" 404 -
2022-10-25 16:45:29,845 - [31m[1mWARNING: This is a development server. Do not use it in a production deployment. Use a production WSGI server instead.[0m
 * Running on http://127.0.0.1:5000
2022-10-25 16:45:29,846 - [33mPress CTRL+C to quit[0m
2022-10-25 16:45:29,848 -  * Restarting with stat
2022-10-25 16:45:32,935 -  * Debugger is active!
2022-10-25 16:45:32,950 -  * Debugger PIN: 128-792-573
2022-10-25 16:45:37,902 - 127.0.0.1 - - [25/Oct/2022 16:45:37] "[32mPOST /api/v1.0/model HTTP/1.1[0m" 308 -
2022-10-25 16:45:37,911 - 0    √ ’∆«
Name: neighbourhood, dtype: object
2022-10-25 16:45:37,997 - 0    1
Name: event_suitable, dtype: int32
2022-10-25 16:45:37,999 - 0    14
Name: amenities_number, dtype: int64
2022-10-25 16:45:38,082 -    latitude  ...  calculated_host_listings_count
0  52.36435  ...                             NaN
0       NaN  ...                             NaN
0       NaN  ...                             6.0

[3 rows x 52 columns]
2022-10-25 16:45:39,292 - Could not predict price [16:45:39] C:/Users/administrator/workspace/xgboost-win64_release_1.6.0/src/learner.cc:1059: Check failed: header == serialisation_header_: 
  If you are loading a serialized model (like pickle in Python, RDS in R) generated by
  older XGBoost, please export the model by calling `Booster.save_model` from that version
  first, then load it back in current version. See:

    https://xgboost.readthedocs.io/en/latest/tutorials/saving_model.html

  for more details about differences between saving model and serializing.

2022-10-25 16:45:39,294 - 127.0.0.1 - - [25/Oct/2022 16:45:39] "[33mPOST /api/v1.0/model/ HTTP/1.1[0m" 404 -
2022-10-25 17:00:57,119 - [31m[1mWARNING: This is a development server. Do not use it in a production deployment. Use a production WSGI server instead.[0m
 * Running on http://127.0.0.1:5000
2022-10-25 17:00:57,121 - [33mPress CTRL+C to quit[0m
2022-10-25 17:00:57,124 -  * Restarting with stat
2022-10-25 17:00:59,301 -  * Debugger is active!
2022-10-25 17:00:59,312 -  * Debugger PIN: 128-792-573
2022-10-25 17:01:02,132 - 127.0.0.1 - - [25/Oct/2022 17:01:02] "[32mPOST /api/v1.0/model HTTP/1.1[0m" 308 -
2022-10-25 17:01:02,165 - 0    √ ’∆«
Name: neighbourhood, dtype: object
2022-10-25 17:01:02,227 - 0    1
Name: event_suitable, dtype: int32
2022-10-25 17:01:02,229 - 0    14
Name: amenities_number, dtype: int64
2022-10-25 17:01:02,290 -    latitude  ...  calculated_host_listings_count
0  52.36435  ...                             NaN
0       NaN  ...                             NaN
0       NaN  ...                             6.0

[3 rows x 52 columns]
2022-10-25 17:01:04,967 - Could not predict price [17:01:04] C:/Users/administrator/workspace/xgboost-win64_release_1.6.0/src/learner.cc:1059: Check failed: header == serialisation_header_: 
  If you are loading a serialized model (like pickle in Python, RDS in R) generated by
  older XGBoost, please export the model by calling `Booster.save_model` from that version
  first, then load it back in current version. See:

    https://xgboost.readthedocs.io/en/latest/tutorials/saving_model.html

  for more details about differences between saving model and serializing.

2022-10-25 17:01:04,967 - 127.0.0.1 - - [25/Oct/2022 17:01:04] "[33mPOST /api/v1.0/model/ HTTP/1.1[0m" 404 -
2022-10-25 17:12:37,928 -  * Detected change in 'C:\\Users\\Tzeni\\Desktop\\Project_git\\pfizer-dsmasterclass-2022-team3\\api\\services\\model_service.py', reloading
2022-10-25 17:12:38,232 -  * Restarting with stat
2022-10-25 17:12:41,672 -  * Debugger is active!
2022-10-25 17:12:41,682 -  * Debugger PIN: 128-792-573
2022-10-25 17:13:14,365 - [31m[1mWARNING: This is a development server. Do not use it in a production deployment. Use a production WSGI server instead.[0m
 * Running on http://127.0.0.1:5000
2022-10-25 17:13:14,366 - [33mPress CTRL+C to quit[0m
2022-10-25 17:13:14,366 -  * Restarting with stat
2022-10-25 17:13:16,690 -  * Debugger is active!
2022-10-25 17:13:16,703 -  * Debugger PIN: 128-792-573
2022-10-25 17:13:18,588 - 127.0.0.1 - - [25/Oct/2022 17:13:18] "[32mPOST /api/v1.0/model HTTP/1.1[0m" 308 -
2022-10-25 17:13:18,608 - 0    √ ’∆«
Name: neighbourhood, dtype: object
2022-10-25 17:13:18,623 - 0    1
Name: event_suitable, dtype: int32
2022-10-25 17:13:18,623 - 0    14
Name: amenities_number, dtype: int64
2022-10-25 17:13:18,689 -    latitude  ...  calculated_host_listings_count
0  52.36435  ...                             NaN
0       NaN  ...                             NaN
0       NaN  ...                             6.0

[3 rows x 52 columns]
2022-10-25 17:13:19,022 - Could not predict price 'Booster' object has no attribute 'joblib'
2022-10-25 17:13:19,024 - 127.0.0.1 - - [25/Oct/2022 17:13:19] "[33mPOST /api/v1.0/model/ HTTP/1.1[0m" 404 -
2022-10-25 17:13:37,756 - [31m[1mWARNING: This is a development server. Do not use it in a production deployment. Use a production WSGI server instead.[0m
 * Running on http://127.0.0.1:5000
2022-10-25 17:13:37,756 - [33mPress CTRL+C to quit[0m
2022-10-25 17:13:37,757 -  * Restarting with stat
2022-10-25 17:13:39,781 -  * Debugger is active!
2022-10-25 17:13:39,802 -  * Debugger PIN: 128-792-573
2022-10-25 17:13:40,277 - 127.0.0.1 - - [25/Oct/2022 17:13:40] "[32mPOST /api/v1.0/model HTTP/1.1[0m" 308 -
2022-10-25 17:13:40,287 - 0    √ ’∆«
Name: neighbourhood, dtype: object
2022-10-25 17:13:40,301 - 0    1
Name: event_suitable, dtype: int32
2022-10-25 17:13:40,307 - 0    14
Name: amenities_number, dtype: int64
2022-10-25 17:13:40,334 -    latitude  ...  calculated_host_listings_count
0  52.36435  ...                             NaN
0       NaN  ...                             NaN
0       NaN  ...                             6.0

[3 rows x 52 columns]
2022-10-25 17:13:40,443 - Could not predict price bad allocation
2022-10-25 17:13:40,444 - 127.0.0.1 - - [25/Oct/2022 17:13:40] "[33mPOST /api/v1.0/model/ HTTP/1.1[0m" 404 -
2022-10-25 17:14:00,084 - [31m[1mWARNING: This is a development server. Do not use it in a production deployment. Use a production WSGI server instead.[0m
 * Running on http://127.0.0.1:5000
2022-10-25 17:14:00,084 - [33mPress CTRL+C to quit[0m
2022-10-25 17:14:00,086 -  * Restarting with stat
2022-10-25 17:14:02,395 -  * Debugger is active!
2022-10-25 17:14:02,404 -  * Debugger PIN: 128-792-573
2022-10-25 17:14:03,350 - 127.0.0.1 - - [25/Oct/2022 17:14:03] "[32mPOST /api/v1.0/model HTTP/1.1[0m" 308 -
2022-10-25 17:14:03,362 - 0    √ ’∆«
Name: neighbourhood, dtype: object
2022-10-25 17:14:03,370 - 0    1
Name: event_suitable, dtype: int32
2022-10-25 17:14:03,372 - 0    14
Name: amenities_number, dtype: int64
2022-10-25 17:14:03,408 -    latitude  ...  calculated_host_listings_count
0  52.36435  ...                             NaN
0       NaN  ...                             NaN
0       NaN  ...                             6.0

[3 rows x 52 columns]
2022-10-25 17:14:03,555 - Could not predict price bad allocation
2022-10-25 17:14:03,555 - 127.0.0.1 - - [25/Oct/2022 17:14:03] "[33mPOST /api/v1.0/model/ HTTP/1.1[0m" 404 -
2022-10-25 17:14:18,963 -  * Detected change in 'C:\\Users\\Tzeni\\Desktop\\Project_git\\pfizer-dsmasterclass-2022-team3\\api\\services\\model_service.py', reloading
2022-10-25 17:14:19,349 -  * Restarting with stat
2022-10-25 17:14:21,806 -  * Debugger is active!
2022-10-25 17:14:21,819 -  * Debugger PIN: 128-792-573
2022-10-25 22:18:08,209 - [31m[1mWARNING: This is a development server. Do not use it in a production deployment. Use a production WSGI server instead.[0m
 * Running on http://127.0.0.1:5000
2022-10-25 22:18:08,210 - [33mPress CTRL+C to quit[0m
2022-10-25 22:18:08,213 -  * Restarting with stat
2022-10-25 22:18:15,171 -  * Debugger is active!
2022-10-25 22:18:15,215 -  * Debugger PIN: 128-792-573
2022-10-25 22:20:03,968 - 127.0.0.1 - - [25/Oct/2022 22:20:03] "[32mPOST /api/v1.0/model HTTP/1.1[0m" 308 -
2022-10-25 22:20:03,996 - 0    √ ’∆«
Name: neighbourhood, dtype: object
2022-10-25 22:20:04,010 - 0    1
Name: event_suitable, dtype: int32
2022-10-25 22:20:04,011 - 0    14
Name: amenities_number, dtype: int64
2022-10-25 22:20:04,056 -    latitude  ...  calculated_host_listings_count
0  52.36435  ...                             NaN
0       NaN  ...                             NaN
0       NaN  ...                             6.0

[3 rows x 52 columns]
2022-10-25 22:20:04,267 - Could not predict price [22:20:04] C:/Users/administrator/workspace/xgboost-win64_release_1.6.0/src/learner.cc:1059: Check failed: header == serialisation_header_: 
  If you are loading a serialized model (like pickle in Python, RDS in R) generated by
  older XGBoost, please export the model by calling `Booster.save_model` from that version
  first, then load it back in current version. See:

    https://xgboost.readthedocs.io/en/latest/tutorials/saving_model.html

  for more details about differences between saving model and serializing.

2022-10-25 22:20:04,270 - 127.0.0.1 - - [25/Oct/2022 22:20:04] "[33mPOST /api/v1.0/model/ HTTP/1.1[0m" 404 -
2022-10-25 22:24:04,428 -  * Detected change in 'C:\\Users\\Tzeni\\Desktop\\Project_git\\pfizer-dsmasterclass-2022-team3\\api\\services\\model_service.py', reloading
2022-10-25 22:24:04,729 -  * Restarting with stat
2022-10-25 22:24:07,335 -  * Debugger is active!
2022-10-25 22:24:07,340 -  * Debugger PIN: 128-792-573
2022-10-25 22:24:47,864 -  * Detected change in 'C:\\Users\\Tzeni\\Desktop\\Project_git\\pfizer-dsmasterclass-2022-team3\\api\\services\\model_service.py', reloading
2022-10-25 22:24:48,049 -  * Restarting with stat
2022-10-25 22:24:49,883 -  * Debugger is active!
2022-10-25 22:24:49,883 -  * Debugger PIN: 128-792-573
2022-10-25 22:25:36,460 - [31m[1mWARNING: This is a development server. Do not use it in a production deployment. Use a production WSGI server instead.[0m
 * Running on http://127.0.0.1:5000
2022-10-25 22:25:36,460 - [33mPress CTRL+C to quit[0m
2022-10-25 22:25:36,460 -  * Restarting with stat
2022-10-25 22:25:38,149 -  * Debugger is active!
2022-10-25 22:25:38,164 -  * Debugger PIN: 128-792-573
2022-10-25 22:25:53,815 - 127.0.0.1 - - [25/Oct/2022 22:25:53] "[32mPOST /api/v1.0/model HTTP/1.1[0m" 308 -
2022-10-25 22:25:53,829 - 0    √ ’∆«
Name: neighbourhood, dtype: object
2022-10-25 22:25:53,838 - 0    1
Name: event_suitable, dtype: int32
2022-10-25 22:25:53,840 - 0    14
Name: amenities_number, dtype: int64
2022-10-25 22:25:53,882 -    latitude  ...  calculated_host_listings_count
0  52.36435  ...                             NaN
0       NaN  ...                             NaN
0       NaN  ...                             6.0

[3 rows x 52 columns]
2022-10-25 22:25:54,031 - Could not predict price [22:25:54] C:/Users/administrator/workspace/xgboost-win64_release_1.6.0/src/learner.cc:1059: Check failed: header == serialisation_header_: 
  If you are loading a serialized model (like pickle in Python, RDS in R) generated by
  older XGBoost, please export the model by calling `Booster.save_model` from that version
  first, then load it back in current version. See:

    https://xgboost.readthedocs.io/en/latest/tutorials/saving_model.html

  for more details about differences between saving model and serializing.

2022-10-25 22:25:54,032 - 127.0.0.1 - - [25/Oct/2022 22:25:54] "[33mPOST /api/v1.0/model/ HTTP/1.1[0m" 404 -
2022-10-25 22:26:13,588 - [31m[1mWARNING: This is a development server. Do not use it in a production deployment. Use a production WSGI server instead.[0m
 * Running on http://127.0.0.1:5000
2022-10-25 22:26:13,588 - [33mPress CTRL+C to quit[0m
2022-10-25 22:26:13,588 -  * Restarting with stat
2022-10-25 22:26:15,439 -  * Debugger is active!
2022-10-25 22:26:15,439 -  * Debugger PIN: 128-792-573
2022-10-25 22:26:18,830 - 127.0.0.1 - - [25/Oct/2022 22:26:18] "[32mPOST /api/v1.0/model HTTP/1.1[0m" 308 -
2022-10-25 22:26:18,840 - 0    √ ’∆«
Name: neighbourhood, dtype: object
2022-10-25 22:26:18,846 - 0    1
Name: event_suitable, dtype: int32
2022-10-25 22:26:18,848 - 0    14
Name: amenities_number, dtype: int64
2022-10-25 22:26:18,873 -    latitude  ...  calculated_host_listings_count
0  52.36435  ...                             NaN
0       NaN  ...                             NaN
0       NaN  ...                             6.0

[3 rows x 52 columns]
2022-10-25 22:26:18,985 - Could not predict price bad allocation
2022-10-25 22:26:18,986 - 127.0.0.1 - - [25/Oct/2022 22:26:18] "[33mPOST /api/v1.0/model/ HTTP/1.1[0m" 404 -
2022-10-25 22:43:48,917 - [31m[1mWARNING: This is a development server. Do not use it in a production deployment. Use a production WSGI server instead.[0m
 * Running on http://127.0.0.1:5000
2022-10-25 22:43:48,917 - [33mPress CTRL+C to quit[0m
2022-10-25 22:43:48,917 -  * Restarting with stat
2022-10-25 22:43:50,826 -  * Debugger is active!
2022-10-25 22:43:50,826 -  * Debugger PIN: 128-792-573
2022-10-25 22:44:00,454 - 127.0.0.1 - - [25/Oct/2022 22:44:00] "[32mPOST /api/v1.0/model HTTP/1.1[0m" 308 -
2022-10-25 22:44:00,470 - 0    √ ’∆«
Name: neighbourhood, dtype: object
2022-10-25 22:44:00,483 - 0    1
Name: event_suitable, dtype: int32
2022-10-25 22:44:00,486 - 0    14
Name: amenities_number, dtype: int64
2022-10-25 22:44:00,525 -    latitude  ...  calculated_host_listings_count
0  52.36435  ...                             NaN
0       NaN  ...                             NaN
0       NaN  ...                             6.0

[3 rows x 52 columns]
2022-10-25 22:44:00,690 - Could not predict price [22:44:00] C:/Users/administrator/workspace/xgboost-win64_release_1.6.0/src/learner.cc:1059: Check failed: header == serialisation_header_: 
  If you are loading a serialized model (like pickle in Python, RDS in R) generated by
  older XGBoost, please export the model by calling `Booster.save_model` from that version
  first, then load it back in current version. See:

    https://xgboost.readthedocs.io/en/latest/tutorials/saving_model.html

  for more details about differences between saving model and serializing.

2022-10-25 22:44:00,691 - 127.0.0.1 - - [25/Oct/2022 22:44:00] "[33mPOST /api/v1.0/model/ HTTP/1.1[0m" 404 -
2022-10-25 23:10:10,083 - [31m[1mWARNING: This is a development server. Do not use it in a production deployment. Use a production WSGI server instead.[0m
 * Running on http://127.0.0.1:5000
2022-10-25 23:10:10,083 - [33mPress CTRL+C to quit[0m
2022-10-25 23:10:10,083 -  * Restarting with stat
2022-10-25 23:10:11,386 -  * Debugger is active!
2022-10-25 23:10:11,402 -  * Debugger PIN: 125-948-830
2022-10-25 23:10:15,960 - 127.0.0.1 - - [25/Oct/2022 23:10:15] "[32mPOST /api/v1.0/model HTTP/1.1[0m" 308 -
2022-10-25 23:10:15,986 - 0    √ ’∆«
Name: neighbourhood, dtype: object
2022-10-25 23:10:16,003 - 0    1
Name: event_suitable, dtype: int32
2022-10-25 23:10:16,005 - 0    14
Name: amenities_number, dtype: int64
2022-10-25 23:10:16,055 -    latitude  ...  calculated_host_listings_count
0  52.36435  ...                             NaN
0       NaN  ...                             NaN
0       NaN  ...                             6.0

[3 rows x 52 columns]
2022-10-25 23:10:16,161 - Could not predict price No module named 'sklearn'
2022-10-25 23:10:16,162 - 127.0.0.1 - - [25/Oct/2022 23:10:16] "[33mPOST /api/v1.0/model/ HTTP/1.1[0m" 404 -
2022-10-25 23:11:18,169 - [31m[1mWARNING: This is a development server. Do not use it in a production deployment. Use a production WSGI server instead.[0m
 * Running on http://127.0.0.1:5000
2022-10-25 23:11:18,169 - [33mPress CTRL+C to quit[0m
2022-10-25 23:11:18,169 -  * Restarting with stat
2022-10-25 23:11:20,449 -  * Debugger is active!
2022-10-25 23:11:20,451 -  * Debugger PIN: 125-948-830
2022-10-25 23:12:02,316 - 127.0.0.1 - - [25/Oct/2022 23:12:02] "[32mPOST /api/v1.0/model HTTP/1.1[0m" 308 -
2022-10-25 23:12:02,325 - 0    √ ’∆«
Name: neighbourhood, dtype: object
2022-10-25 23:12:02,334 - 0    1
Name: event_suitable, dtype: int32
2022-10-25 23:12:02,336 - 0    14
Name: amenities_number, dtype: int64
2022-10-25 23:12:02,378 -    latitude  ...  calculated_host_listings_count
0  52.36435  ...                             NaN
0       NaN  ...                             NaN
0       NaN  ...                             6.0

[3 rows x 52 columns]
2022-10-25 23:12:02,726 - {'listing_info': {'host_id': 37177, 'number_of_reviews': 10, 'neighbourhood': '√ ’∆«', 'room_type': 'Private room'}, 'prediction': {'price': 10}}
2022-10-25 23:12:02,727 - 127.0.0.1 - - [25/Oct/2022 23:12:02] "POST /api/v1.0/model/ HTTP/1.1" 200 -
2022-10-25 23:13:37,661 -  * Detected change in 'C:\\Users\\Tzeni\\Desktop\\Project_git\\pfizer-dsmasterclass-2022-team3\\venv\\lib\\site-packages\\sklearn\\__init__.py', reloading
2022-10-25 23:13:37,915 -  * Restarting with stat
2022-10-25 23:13:40,667 -  * Debugger is active!
2022-10-25 23:13:40,667 -  * Debugger PIN: 125-948-830
2022-10-25 23:15:09,740 - [31m[1mWARNING: This is a development server. Do not use it in a production deployment. Use a production WSGI server instead.[0m
 * Running on http://127.0.0.1:5000
2022-10-25 23:15:09,740 - [33mPress CTRL+C to quit[0m
2022-10-25 23:15:09,740 -  * Restarting with stat
2022-10-25 23:15:11,968 -  * Debugger is active!
2022-10-25 23:15:11,978 -  * Debugger PIN: 125-948-830
2022-10-25 23:15:15,220 - 127.0.0.1 - - [25/Oct/2022 23:15:15] "[32mPOST /api/v1.0/model HTTP/1.1[0m" 308 -
2022-10-25 23:15:15,265 - 0    √ ’∆«
Name: neighbourhood, dtype: object
2022-10-25 23:15:15,293 - 0    1
Name: event_suitable, dtype: int32
2022-10-25 23:15:15,297 - 0    14
Name: amenities_number, dtype: int64
2022-10-25 23:15:15,357 -    latitude  ...  calculated_host_listings_count
0  52.36435  ...                             NaN
0       NaN  ...                             NaN
0       NaN  ...                             6.0

[3 rows x 52 columns]
2022-10-25 23:15:15,555 - {'listing_info': {'host_id': 37177, 'number_of_reviews': 10, 'neighbourhood': '√ ’∆«', 'room_type': 'Private room'}, 'prediction': {'price': 10}}
2022-10-25 23:15:15,555 - 127.0.0.1 - - [25/Oct/2022 23:15:15] "POST /api/v1.0/model/ HTTP/1.1" 200 -
2022-10-25 23:17:25,129 - [31m[1mWARNING: This is a development server. Do not use it in a production deployment. Use a production WSGI server instead.[0m
 * Running on http://127.0.0.1:5000
2022-10-25 23:17:25,129 - [33mPress CTRL+C to quit[0m
2022-10-25 23:17:25,129 -  * Restarting with stat
2022-10-25 23:17:26,863 -  * Debugger is active!
2022-10-25 23:17:26,863 -  * Debugger PIN: 125-948-830
2022-10-25 23:17:29,617 - 127.0.0.1 - - [25/Oct/2022 23:17:29] "[32mPOST /api/v1.0/model HTTP/1.1[0m" 308 -
2022-10-25 23:17:29,631 - 0    √ ’∆«
Name: neighbourhood, dtype: object
2022-10-25 23:17:29,637 - 0    1
Name: event_suitable, dtype: int32
2022-10-25 23:17:29,638 - 0    14
Name: amenities_number, dtype: int64
2022-10-25 23:17:29,673 -    latitude  ...  calculated_host_listings_count
0  52.36435  ...                             NaN
0       NaN  ...                             NaN
0       NaN  ...                             6.0

[3 rows x 52 columns]
2022-10-25 23:17:29,817 - Could not predict price columns are missing: {'shared_bath', 'accommodates', 'host_identity_verified', 'host_has_profile_pic', 'availability_90'}
2022-10-25 23:17:29,819 - 127.0.0.1 - - [25/Oct/2022 23:17:29] "[33mPOST /api/v1.0/model/ HTTP/1.1[0m" 404 -
2022-10-25 23:18:56,723 - 127.0.0.1 - - [25/Oct/2022 23:18:56] "[32mPOST /api/v1.0/model HTTP/1.1[0m" 308 -
2022-10-25 23:18:56,733 - 0    √ ’∆«
Name: neighbourhood, dtype: object
2022-10-25 23:18:56,739 - 0    1
Name: event_suitable, dtype: int32
2022-10-25 23:18:56,740 - 0    14
Name: amenities_number, dtype: int64
2022-10-25 23:18:56,784 -    latitude  ...  calculated_host_listings_count
0  52.36435  ...                             NaN
0       NaN  ...                             NaN
0       NaN  ...                             6.0

[3 rows x 53 columns]
2022-10-25 23:18:56,920 - Could not predict price columns are missing: {'host_has_profile_pic', 'availability_90', 'accommodates', 'host_identity_verified'}
2022-10-25 23:18:56,921 - 127.0.0.1 - - [25/Oct/2022 23:18:56] "[33mPOST /api/v1.0/model/ HTTP/1.1[0m" 404 -
2022-10-25 23:20:51,648 - 127.0.0.1 - - [25/Oct/2022 23:20:51] "[32mPOST /api/v1.0/model HTTP/1.1[0m" 308 -
2022-10-25 23:20:51,655 - 127.0.0.1 - - [25/Oct/2022 23:20:51] "[31m[1mPOST /api/v1.0/model/ HTTP/1.1[0m" 400 -
2022-10-25 23:21:05,867 - [31m[1mWARNING: This is a development server. Do not use it in a production deployment. Use a production WSGI server instead.[0m
 * Running on http://127.0.0.1:5000
2022-10-25 23:21:05,867 - [33mPress CTRL+C to quit[0m
2022-10-25 23:21:05,870 -  * Restarting with stat
2022-10-25 23:21:07,732 -  * Debugger is active!
2022-10-25 23:21:07,752 -  * Debugger PIN: 125-948-830
2022-10-25 23:21:12,919 - 127.0.0.1 - - [25/Oct/2022 23:21:12] "[32mPOST /api/v1.0/model HTTP/1.1[0m" 308 -
2022-10-25 23:21:12,934 - 0    √ ’∆«
Name: neighbourhood, dtype: object
2022-10-25 23:21:12,944 - 0    1
Name: event_suitable, dtype: int32
2022-10-25 23:21:12,946 - 0    14
Name: amenities_number, dtype: int64
2022-10-25 23:21:12,983 -    latitude  ...  calculated_host_listings_count
0  52.36435  ...                             NaN
0       NaN  ...                             NaN
0       NaN  ...                             6.0

[3 rows x 52 columns]
2022-10-25 23:21:13,128 - Could not predict price columns are missing: {'shared_bath', 'accommodates', 'host_has_profile_pic', 'host_identity_verified', 'availability_90'}
2022-10-25 23:21:13,128 - 127.0.0.1 - - [25/Oct/2022 23:21:13] "[33mPOST /api/v1.0/model/ HTTP/1.1[0m" 404 -
2022-10-25 23:21:24,752 - 127.0.0.1 - - [25/Oct/2022 23:21:24] "[32mPOST /api/v1.0/model HTTP/1.1[0m" 308 -
2022-10-25 23:21:24,758 - 0    √ ’∆«
Name: neighbourhood, dtype: object
2022-10-25 23:21:24,763 - Could not preprocess data, exception: 'shared_bathroom'
2022-10-25 23:21:24,771 - Could not predict price Expected 2D array, got scalar array instead:
array=None.
Reshape your data either using array.reshape(-1, 1) if your data has a single feature or array.reshape(1, -1) if it contains a single sample.
2022-10-25 23:21:24,773 - 127.0.0.1 - - [25/Oct/2022 23:21:24] "[33mPOST /api/v1.0/model/ HTTP/1.1[0m" 404 -
2022-10-25 23:21:43,268 - [31m[1mWARNING: This is a development server. Do not use it in a production deployment. Use a production WSGI server instead.[0m
 * Running on http://127.0.0.1:5000
2022-10-25 23:21:43,268 - [33mPress CTRL+C to quit[0m
2022-10-25 23:21:43,274 -  * Restarting with stat
2022-10-25 23:21:45,208 -  * Debugger is active!
2022-10-25 23:21:45,218 -  * Debugger PIN: 125-948-830
2022-10-25 23:21:51,845 - 127.0.0.1 - - [25/Oct/2022 23:21:51] "[32mPOST /api/v1.0/model HTTP/1.1[0m" 308 -
2022-10-25 23:21:51,852 - 0    √ ’∆«
Name: neighbourhood, dtype: object
2022-10-25 23:21:51,860 - Could not preprocess data, exception: 'shared_bathroom'
2022-10-25 23:21:51,885 - Could not predict price Expected 2D array, got scalar array instead:
array=None.
Reshape your data either using array.reshape(-1, 1) if your data has a single feature or array.reshape(1, -1) if it contains a single sample.
2022-10-25 23:21:51,885 - 127.0.0.1 - - [25/Oct/2022 23:21:51] "[33mPOST /api/v1.0/model/ HTTP/1.1[0m" 404 -
2022-10-25 23:22:28,178 -  * Detected change in 'C:\\Users\\Tzeni\\Desktop\\Project_git\\pfizer-dsmasterclass-2022-team3\\api\\services\\model_service.py', reloading
2022-10-25 23:22:28,523 -  * Restarting with stat
2022-10-25 23:22:30,341 -  * Debugger is active!
2022-10-25 23:22:30,342 -  * Debugger PIN: 125-948-830
2022-10-25 23:23:00,028 - [31m[1mWARNING: This is a development server. Do not use it in a production deployment. Use a production WSGI server instead.[0m
 * Running on http://127.0.0.1:5000
2022-10-25 23:23:00,028 - [33mPress CTRL+C to quit[0m
2022-10-25 23:23:00,029 -  * Restarting with stat
2022-10-25 23:23:01,795 -  * Debugger is active!
2022-10-25 23:23:01,807 -  * Debugger PIN: 125-948-830
2022-10-25 23:23:03,160 - 127.0.0.1 - - [25/Oct/2022 23:23:03] "[32mPOST /api/v1.0/model HTTP/1.1[0m" 308 -
2022-10-25 23:23:03,175 - 0    √ ’∆«
Name: neighbourhood, dtype: object
2022-10-25 23:23:03,192 - 0    1
Name: event_suitable, dtype: int32
2022-10-25 23:23:03,196 - 0    14
Name: amenities_number, dtype: int64
2022-10-25 23:23:03,258 -    latitude  ...  calculated_host_listings_count
0  52.36435  ...                             NaN
0       NaN  ...                             NaN
0       NaN  ...                             6.0

[3 rows x 52 columns]
2022-10-25 23:23:03,528 - Could not predict price columns are missing: {'host_identity_verified', 'host_has_profile_pic', 'availability_90', 'accommodates'}
2022-10-25 23:23:03,532 - 127.0.0.1 - - [25/Oct/2022 23:23:03] "[33mPOST /api/v1.0/model/ HTTP/1.1[0m" 404 -
2022-10-25 23:26:46,295 - [31m[1mWARNING: This is a development server. Do not use it in a production deployment. Use a production WSGI server instead.[0m
 * Running on http://127.0.0.1:5000
2022-10-25 23:26:46,295 - [33mPress CTRL+C to quit[0m
2022-10-25 23:26:46,295 -  * Restarting with stat
2022-10-25 23:26:48,101 -  * Debugger is active!
2022-10-25 23:26:48,110 -  * Debugger PIN: 125-948-830
2022-10-25 23:26:50,474 - 127.0.0.1 - - [25/Oct/2022 23:26:50] "[32mPOST /api/v1.0/model HTTP/1.1[0m" 308 -
2022-10-25 23:26:50,483 - 0    √ ’∆«
Name: neighbourhood, dtype: object
2022-10-25 23:26:50,493 - 0    1
Name: event_suitable, dtype: int32
2022-10-25 23:26:50,496 - 0    14
Name: amenities_number, dtype: int64
2022-10-25 23:26:50,537 -    latitude  longitude  ... host_identity_verified  host_has_profile_pic
0  52.36435    4.94358  ...                    NaN                   NaN
0       NaN        NaN  ...                    NaN                   NaN
0       NaN        NaN  ...                      t                     t

[3 rows x 54 columns]
2022-10-25 23:26:50,699 - Could not predict price columns are missing: {'availability_90', 'accommodates'}
2022-10-25 23:26:50,700 - 127.0.0.1 - - [25/Oct/2022 23:26:50] "[33mPOST /api/v1.0/model/ HTTP/1.1[0m" 404 -
2022-10-25 23:28:25,516 - [31m[1mWARNING: This is a development server. Do not use it in a production deployment. Use a production WSGI server instead.[0m
 * Running on http://127.0.0.1:5000
2022-10-25 23:28:25,516 - [33mPress CTRL+C to quit[0m
2022-10-25 23:28:25,516 -  * Restarting with stat
2022-10-25 23:28:27,425 -  * Debugger is active!
2022-10-25 23:28:27,431 -  * Debugger PIN: 125-948-830
2022-10-25 23:28:28,540 - 127.0.0.1 - - [25/Oct/2022 23:28:28] "[32mPOST /api/v1.0/model HTTP/1.1[0m" 308 -
2022-10-25 23:28:28,555 - 0    √ ’∆«
Name: neighbourhood, dtype: object
2022-10-25 23:28:28,556 - 0    1
Name: event_suitable, dtype: int32
2022-10-25 23:28:28,556 - 0    14
Name: amenities_number, dtype: int64
2022-10-25 23:28:28,600 -    latitude  longitude  ... host_identity_verified  host_has_profile_pic
0  52.36435    4.94358  ...                    NaN                   NaN
0       NaN        NaN  ...                    NaN                   NaN
0       NaN        NaN  ...                      t                     t

[3 rows x 56 columns]
2022-10-25 23:28:28,730 - Could not predict price "None of [Index(['neighbourhood_cleansed'], dtype='object')] are in the [columns]"
2022-10-25 23:28:28,730 - 127.0.0.1 - - [25/Oct/2022 23:28:28] "[33mPOST /api/v1.0/model/ HTTP/1.1[0m" 404 -
2022-10-25 23:31:51,816 -  * Detected change in 'C:\\Users\\Tzeni\\Desktop\\Project_git\\pfizer-dsmasterclass-2022-team3\\api\\services\\model_service.py', reloading
2022-10-25 23:31:52,187 -  * Restarting with stat
2022-10-25 23:31:54,120 -  * Debugger is active!
2022-10-25 23:31:54,122 -  * Debugger PIN: 125-948-830
2022-10-25 23:32:24,101 - [31m[1mWARNING: This is a development server. Do not use it in a production deployment. Use a production WSGI server instead.[0m
 * Running on http://127.0.0.1:5000
2022-10-25 23:32:24,101 - [33mPress CTRL+C to quit[0m
2022-10-25 23:32:24,101 -  * Restarting with stat
2022-10-25 23:32:25,958 -  * Debugger is active!
2022-10-25 23:32:25,967 -  * Debugger PIN: 125-948-830
2022-10-25 23:32:27,362 - 127.0.0.1 - - [25/Oct/2022 23:32:27] "[32mPOST /api/v1.0/model HTTP/1.1[0m" 308 -
2022-10-25 23:32:27,376 - 0    1
Name: event_suitable, dtype: int32
2022-10-25 23:32:27,377 - 0    14
Name: amenities_number, dtype: int64
2022-10-25 23:32:27,417 -    latitude  longitude  ... host_identity_verified  host_has_profile_pic
0  52.36435    4.94358  ...                    NaN                   NaN
0       NaN        NaN  ...                    NaN                   NaN
0       NaN        NaN  ...                      t                     t

[3 rows x 56 columns]
2022-10-25 23:32:27,551 - Could not predict price "None of [Index(['neighbourhood_cleansed'], dtype='object')] are in the [columns]"
2022-10-25 23:32:27,552 - 127.0.0.1 - - [25/Oct/2022 23:32:27] "[33mPOST /api/v1.0/model/ HTTP/1.1[0m" 404 -
2022-10-25 23:34:06,531 -  * Detected change in 'C:\\Users\\Tzeni\\Desktop\\Project_git\\pfizer-dsmasterclass-2022-team3\\api\\services\\model_service.py', reloading
2022-10-25 23:34:06,735 -  * Restarting with stat
2022-10-25 23:34:08,448 -  * Debugger is active!
2022-10-25 23:34:08,450 -  * Debugger PIN: 125-948-830
2022-10-25 23:34:10,162 - 127.0.0.1 - - [25/Oct/2022 23:34:10] "[32mPOST /api/v1.0/model HTTP/1.1[0m" 308 -
2022-10-25 23:34:10,194 - 0    1
Name: event_suitable, dtype: int32
2022-10-25 23:34:10,194 - 0    14
Name: amenities_number, dtype: int64
2022-10-25 23:34:10,276 -    latitude  longitude  ... host_identity_verified  host_has_profile_pic
0  52.36435    4.94358  ...                    NaN                   NaN
0       NaN        NaN  ...                    NaN                   NaN
0       NaN        NaN  ...                      t                     t

[3 rows x 56 columns]
2022-10-25 23:34:10,676 - Could not predict price "None of [Index(['neighbourhood_cleansed_group'], dtype='object')] are in the [columns]"
2022-10-25 23:34:10,676 - 127.0.0.1 - - [25/Oct/2022 23:34:10] "[33mPOST /api/v1.0/model/ HTTP/1.1[0m" 404 -
2022-10-25 23:34:34,443 -  * Detected change in 'C:\\Users\\Tzeni\\Desktop\\Project_git\\pfizer-dsmasterclass-2022-team3\\api\\services\\model_service.py', reloading
2022-10-25 23:34:34,696 -  * Restarting with stat
2022-10-25 23:34:36,899 -  * Debugger is active!
2022-10-25 23:34:36,901 -  * Debugger PIN: 125-948-830
2022-10-25 23:34:37,016 - 127.0.0.1 - - [25/Oct/2022 23:34:37] "[32mPOST /api/v1.0/model HTTP/1.1[0m" 308 -
2022-10-25 23:34:37,028 - 0    1
Name: event_suitable, dtype: int32
2022-10-25 23:34:37,029 - 0    14
Name: amenities_number, dtype: int64
2022-10-25 23:34:37,062 -    latitude  longitude  ... host_identity_verified  host_has_profile_pic
0  52.36435    4.94358  ...                    NaN                   NaN
0       NaN        NaN  ...                    NaN                   NaN
0       NaN        NaN  ...                      t                     t

[3 rows x 56 columns]
2022-10-25 23:34:37,200 - Could not predict price could not convert string to float: 'Athens Quality Apartments is a company started back at 2007 and now we have 8 apartments. Our goal is to offer to travelers beautiful apartments with professional service only in good location and with all the necessary amenities.\r\n'
2022-10-25 23:34:37,201 - 127.0.0.1 - - [25/Oct/2022 23:34:37] "[33mPOST /api/v1.0/model/ HTTP/1.1[0m" 404 -
2022-10-25 23:40:13,219 -  * Detected change in 'C:\\Users\\Tzeni\\Desktop\\Project_git\\pfizer-dsmasterclass-2022-team3\\api\\services\\model_service.py', reloading
2022-10-25 23:40:13,431 -  * Restarting with stat
2022-10-25 23:40:16,159 -  * Debugger is active!
2022-10-25 23:40:16,173 -  * Debugger PIN: 125-948-830
